Using pre-set license
Built from '2021.3/staging' branch; Version is '2021.3.36f1 (7a0645017be0) revision 7996997'; Using compiler version '192829333'; Build Type 'Release'
OS: 'Windows 11  (10.0.22631) 64bit Core' Language: 'tr' Physical Memory: 16128 MB
BatchMode: 1, IsHumanControllingUs: 0, StartBugReporterOnCrash: 0, Is64bit: 1, IsPro: 1

COMMAND LINE ARGUMENTS:
C:\Program Files\Unity\Hub\Editor\2021.3.36f1\Editor\Unity.exe
-adb2
-batchMode
-noUpm
-name
AssetImportWorker5
-projectPath
C:/Users/ekinutku/Desktop/Dosyalar/yazılım/Unity/Dark and Light
-logFile
Logs/AssetImportWorker5.log
-srvPort
60009
Successfully changed project path to: C:/Users/ekinutku/Desktop/Dosyalar/yazılım/Unity/Dark and Light
C:/Users/ekinutku/Desktop/Dosyalar/yazılım/Unity/Dark and Light
[UnityMemory] Configuration Parameters - Can be set up in boot.config
    "memorysetup-bucket-allocator-granularity=16"
    "memorysetup-bucket-allocator-bucket-count=8"
    "memorysetup-bucket-allocator-block-size=33554432"
    "memorysetup-bucket-allocator-block-count=8"
    "memorysetup-main-allocator-block-size=16777216"
    "memorysetup-thread-allocator-block-size=16777216"
    "memorysetup-gfx-main-allocator-block-size=16777216"
    "memorysetup-gfx-thread-allocator-block-size=16777216"
    "memorysetup-cache-allocator-block-size=4194304"
    "memorysetup-typetree-allocator-block-size=2097152"
    "memorysetup-profiler-bucket-allocator-granularity=16"
    "memorysetup-profiler-bucket-allocator-bucket-count=8"
    "memorysetup-profiler-bucket-allocator-block-size=33554432"
    "memorysetup-profiler-bucket-allocator-block-count=8"
    "memorysetup-profiler-allocator-block-size=16777216"
    "memorysetup-profiler-editor-allocator-block-size=1048576"
    "memorysetup-temp-allocator-size-main=16777216"
    "memorysetup-job-temp-allocator-block-size=2097152"
    "memorysetup-job-temp-allocator-block-size-background=1048576"
    "memorysetup-job-temp-allocator-reduction-small-platforms=262144"
    "memorysetup-temp-allocator-size-background-worker=32768"
    "memorysetup-temp-allocator-size-job-worker=262144"
    "memorysetup-temp-allocator-size-preload-manager=33554432"
    "memorysetup-temp-allocator-size-nav-mesh-worker=65536"
    "memorysetup-temp-allocator-size-audio-worker=65536"
    "memorysetup-temp-allocator-size-cloud-worker=32768"
    "memorysetup-temp-allocator-size-gi-baking-worker=262144"
    "memorysetup-temp-allocator-size-gfx=262144"
Player connection [17024] Host "[IP] 192.168.1.26 [Port] 0 [Flags] 2 [Guid] 1969263741 [EditorId] 1969263741 [Version] 1048832 [Id] WindowsEditor(7,DESKTOP-F1HBLKA) [Debug] 1 [PackageName] WindowsEditor [ProjectName] Editor" joined multi-casting on [225.0.0.222:54997]...

Player connection [17024] Host "[IP] 192.168.1.26 [Port] 0 [Flags] 2 [Guid] 1969263741 [EditorId] 1969263741 [Version] 1048832 [Id] WindowsEditor(7,DESKTOP-F1HBLKA) [Debug] 1 [PackageName] WindowsEditor [ProjectName] Editor" joined alternative multi-casting on [225.0.0.222:34997]...

[Physics::Module] Initialized MultithreadedJobDispatcher with {0} workers.
Refreshing native plugins compatible for Editor in 54.45 ms, found 3 plugins.
Preloading 0 native plugins for Editor in 0.00 ms.
Initialize engine version: 2021.3.36f1 (7a0645017be0)
[Subsystems] Discovering subsystems at path C:/Program Files/Unity/Hub/Editor/2021.3.36f1/Editor/Data/Resources/UnitySubsystems
[Subsystems] Discovering subsystems at path C:/Users/ekinutku/Desktop/Dosyalar/yazılım/Unity/Dark and Light/Assets
GfxDevice: creating device client; threaded=0; jobified=0
Direct3D:
    Version:  Direct3D 11.0 [level 11.1]
    Renderer: NVIDIA GeForce RTX 3050 Ti Laptop GPU (ID=0x25a0)
    Vendor:   NVIDIA
    VRAM:     3962 MB
    Driver:   31.0.15.5161
Initialize mono
Mono path[0] = 'C:/Program Files/Unity/Hub/Editor/2021.3.36f1/Editor/Data/Managed'
Mono path[1] = 'C:/Program Files/Unity/Hub/Editor/2021.3.36f1/Editor/Data/MonoBleedingEdge/lib/mono/unityjit-win32'
Mono config path = 'C:/Program Files/Unity/Hub/Editor/2021.3.36f1/Editor/Data/MonoBleedingEdge/etc'
Using monoOptions --debugger-agent=transport=dt_socket,embedding=1,server=y,suspend=n,address=127.0.0.1:56248
Begin MonoManager ReloadAssembly
Registering precompiled unity dll's ...
Register platform support module: C:/Program Files/Unity/Hub/Editor/2021.3.36f1/Editor/Data/PlaybackEngines/WindowsStandaloneSupport/UnityEditor.WindowsStandalone.Extensions.dll
Registered in 0.003067 seconds.
Native extension for WindowsStandalone target not found
Refreshing native plugins compatible for Editor in 46.21 ms, found 3 plugins.
Preloading 0 native plugins for Editor in 0.00 ms.
Mono: successfully reloaded assembly
- Completed reload, in  0.436 seconds
Domain Reload Profiling:
	ReloadAssembly (436ms)
		BeginReloadAssembly (67ms)
			ExecutionOrderSort (0ms)
			DisableScriptedObjects (0ms)
			BackupInstance (0ms)
			ReleaseScriptingObjects (0ms)
			CreateAndSetChildDomain (1ms)
		EndReloadAssembly (304ms)
			LoadAssemblies (65ms)
			RebuildTransferFunctionScriptingTraits (0ms)
			SetupTypeCache (73ms)
			ReleaseScriptCaches (0ms)
			RebuildScriptCaches (20ms)
			SetupLoadedEditorAssemblies (184ms)
				LogAssemblyErrors (0ms)
				InitializePlatformSupportModulesInManaged (6ms)
				SetLoadedEditorAssemblies (0ms)
				RefreshPlugins (46ms)
				BeforeProcessingInitializeOnLoad (1ms)
				ProcessInitializeOnLoadAttributes (97ms)
				ProcessInitializeOnLoadMethodAttributes (33ms)
				AfterProcessingInitializeOnLoad (0ms)
				EditorAssembliesLoaded (0ms)
			ExecutionOrderSort2 (0ms)
			AwakeInstancesAfterBackupRestoration (0ms)
Platform modules already initialized, skipping
Registering precompiled user dll's ...
Registered in 0.002888 seconds.
Begin MonoManager ReloadAssembly
Native extension for WindowsStandalone target not found
Refreshing native plugins compatible for Editor in 0.38 ms, found 3 plugins.
Preloading 0 native plugins for Editor in 0.00 ms.
Package Manager log level set to [2]
[Package Manager] Server::EnsureServerProcessIsRunning -- launch failed, reason: Unity was launched with the -noUpm command-line argument
[Package Manager] Cannot connect to Unity Package Manager local server
Mono: successfully reloaded assembly
- Completed reload, in  1.093 seconds
Domain Reload Profiling:
	ReloadAssembly (1094ms)
		BeginReloadAssembly (92ms)
			ExecutionOrderSort (0ms)
			DisableScriptedObjects (4ms)
			BackupInstance (0ms)
			ReleaseScriptingObjects (0ms)
			CreateAndSetChildDomain (14ms)
		EndReloadAssembly (923ms)
			LoadAssemblies (68ms)
			RebuildTransferFunctionScriptingTraits (0ms)
			SetupTypeCache (184ms)
			ReleaseScriptCaches (0ms)
			RebuildScriptCaches (35ms)
			SetupLoadedEditorAssemblies (627ms)
				LogAssemblyErrors (0ms)
				InitializePlatformSupportModulesInManaged (4ms)
				SetLoadedEditorAssemblies (0ms)
				RefreshPlugins (0ms)
				BeforeProcessingInitializeOnLoad (50ms)
				ProcessInitializeOnLoadAttributes (551ms)
				ProcessInitializeOnLoadMethodAttributes (18ms)
				AfterProcessingInitializeOnLoad (3ms)
				EditorAssembliesLoaded (0ms)
			ExecutionOrderSort2 (0ms)
			AwakeInstancesAfterBackupRestoration (4ms)
Platform modules already initialized, skipping
========================================================================
Worker process is ready to serve import requests
Launched and connected shader compiler UnityShaderCompiler.exe after 0.03 seconds
Refreshing native plugins compatible for Editor in 0.49 ms, found 3 plugins.
Preloading 0 native plugins for Editor in 0.00 ms.
Unloading 3071 Unused Serialized files (Serialized files now loaded: 0)
Unloading 23 unused Assets / (47.0 KB). Loaded Objects now: 3551.
Memory consumption went from 121.6 MB to 121.6 MB.
Total: 2.715500 ms (FindLiveObjects: 0.227300 ms CreateObjectMapping: 0.106300 ms MarkObjects: 2.301000 ms  DeleteObjects: 0.079500 ms)

AssetImportParameters requested are different than current active one (requested -> active):
  custom:video-decoder-ogg-theora: a1e56fd34408186e4bbccfd4996cb3dc -> 
  custom:container-muxer-webm: aa71ff27fc2769a1b78a27578f13a17b -> 
  custom:container-demuxer-webm: 4f35f7cbe854078d1ac9338744f61a02 -> 
  custom:video-encoder-webm-vp8: eb34c28f22e8b96e1ab97ce403110664 -> 
  custom:video-codec-MediaFoundation-h265: 746d11721c4dcdbdad8f713fa42b33f4 -> 
  custom:CustomObjectIndexerAttribute: bc11b3a6c3213fcdd17b65e7da85e133 -> 
  custom:audio-encoder-webm-vorbis: bf7c407c2cedff20999df2af8eb42d56 -> 
  custom:framework-win-MediaFoundation: 216162199b28c13a410421893ffa2e32 -> 
  custom:SearchIndexIgnoredProperties: e643bd26f0fe6173181afceb89e7c659 -> 
  custom:container-demuxer-ogg: 62fdf1f143b41e24485cea50d1cbac27 -> 
  custom:video-decoder-webm-vp8: 9c59270c3fd7afecdb556c50c9e8de78 -> 
  custom:audio-decoder-ogg-vorbis: bf7c407c2cedff20999df2af8eb42d56 -> 
========================================================================
Received Import Request.
  Time since last request: 213516.322732 seconds.
  path: Assets/Buildings/Modular Village/Stone_Wall_1.obj
  artifactKey: Guid(ce68c5ad3a732344ca99fcf27c637257) Importer(815301076,1909f56bfc062723c751e8b465ee728b)
Number of updated assets reloaded before import = 0
Start importing Assets/Buildings/Modular Village/Stone_Wall_1.obj using Guid(ce68c5ad3a732344ca99fcf27c637257) Importer(815301076,1909f56bfc062723c751e8b465ee728b)  -> (artifact id: '487700d399cb7ad4b4530d6cadf22cbf') in 0.188503 seconds 
Number of asset objects unloaded after import = 11
========================================================================
Received Import Request.
  Time since last request: 0.000025 seconds.
  path: Assets/Buildings/Modular Village/Stucco_Prop_Support_Angled_Large.obj
  artifactKey: Guid(8a396ab45e872154bab18cca164878a7) Importer(815301076,1909f56bfc062723c751e8b465ee728b)
Number of updated assets reloaded before import = 0
Start importing Assets/Buildings/Modular Village/Stucco_Prop_Support_Angled_Large.obj using Guid(8a396ab45e872154bab18cca164878a7) Importer(815301076,1909f56bfc062723c751e8b465ee728b)  -> (artifact id: 'b5acc1eb446bb85f9d1f9b5fd858b9e3') in 0.036411 seconds 
Number of asset objects unloaded after import = 10
========================================================================
Received Import Request.
  Time since last request: 0.000034 seconds.
  path: Assets/Buildings/Modular Village/Stucco_Prop_Support_Angled_Small.obj
  artifactKey: Guid(66c158f795214f94ba277504f5af334a) Importer(815301076,1909f56bfc062723c751e8b465ee728b)
Number of updated assets reloaded before import = 0
Start importing Assets/Buildings/Modular Village/Stucco_Prop_Support_Angled_Small.obj using Guid(66c158f795214f94ba277504f5af334a) Importer(815301076,1909f56bfc062723c751e8b465ee728b)  -> (artifact id: '68a59fc46d3e4f2cd6b21eb408e3c80d') in 0.031091 seconds 
Number of asset objects unloaded after import = 10
========================================================================
Received Import Request.
  Time since last request: 1.660028 seconds.
  path: Assets/Buildings/Modular Village/Stucco_Prop_Support_Pillar_3.obj
  artifactKey: Guid(dfd260389ab8de54ea6bc5d2210ab200) Importer(815301076,1909f56bfc062723c751e8b465ee728b)
Number of updated assets reloaded before import = 0
Start importing Assets/Buildings/Modular Village/Stucco_Prop_Support_Pillar_3.obj using Guid(dfd260389ab8de54ea6bc5d2210ab200) Importer(815301076,1909f56bfc062723c751e8b465ee728b)  -> (artifact id: '375687d8d468abee50f5ab3481646d3b') in 0.031851 seconds 
Number of asset objects unloaded after import = 11
========================================================================
Received Import Request.
  Time since last request: 0.000018 seconds.
  path: Assets/Buildings/Modular Village/Stucco_Window_Double_Wide_Tall.obj
  artifactKey: Guid(365385fb8c16e2c4c8bee6c0b24bd23c) Importer(815301076,1909f56bfc062723c751e8b465ee728b)
Number of updated assets reloaded before import = 0
Start importing Assets/Buildings/Modular Village/Stucco_Window_Double_Wide_Tall.obj using Guid(365385fb8c16e2c4c8bee6c0b24bd23c) Importer(815301076,1909f56bfc062723c751e8b465ee728b)  -> (artifact id: '148ed93483b5465d62b744b2ba6e6734') in 0.051414 seconds 
Number of asset objects unloaded after import = 22
========================================================================
Received Import Request.
  Time since last request: 0.632509 seconds.
  path: Assets/Buildings/Modular Village/Stucco_Window_Single_Narrow.obj
  artifactKey: Guid(0b20a793e09bec142bee9f6100997083) Importer(815301076,1909f56bfc062723c751e8b465ee728b)
Number of updated assets reloaded before import = 0
Start importing Assets/Buildings/Modular Village/Stucco_Window_Single_Narrow.obj using Guid(0b20a793e09bec142bee9f6100997083) Importer(815301076,1909f56bfc062723c751e8b465ee728b)  -> (artifact id: 'c840551c301356a299dfd404cf1cba12') in 0.047327 seconds 
Number of asset objects unloaded after import = 22
========================================================================
Received Import Request.
  Time since last request: 0.000018 seconds.
  path: Assets/Buildings/Modular Village/Stucco_Window_Single_Narrow_Tall.obj
  artifactKey: Guid(200cf79f7fa9e1b4da7a448fc98f89b8) Importer(815301076,1909f56bfc062723c751e8b465ee728b)
Number of updated assets reloaded before import = 0
Start importing Assets/Buildings/Modular Village/Stucco_Window_Single_Narrow_Tall.obj using Guid(200cf79f7fa9e1b4da7a448fc98f89b8) Importer(815301076,1909f56bfc062723c751e8b465ee728b)  -> (artifact id: '470f7c28d9431ee7fd224c1d4e87f471') in 0.057832 seconds 
Number of asset objects unloaded after import = 22
========================================================================
Received Import Request.
  Time since last request: 0.553925 seconds.
  path: Assets/Buildings/Modular Village/Wall_Prop_Windmill_1.obj
  artifactKey: Guid(db9b6ad4ff0dc5d4cbf8f2b7414a6ff4) Importer(815301076,1909f56bfc062723c751e8b465ee728b)
Number of updated assets reloaded before import = 0
Start importing Assets/Buildings/Modular Village/Wall_Prop_Windmill_1.obj using Guid(db9b6ad4ff0dc5d4cbf8f2b7414a6ff4) Importer(815301076,1909f56bfc062723c751e8b465ee728b)  -> (artifact id: 'f5302cd4c92a82452cf0b78fb4484ebc') in 0.042124 seconds 
Number of asset objects unloaded after import = 13
========================================================================
Received Import Request.
  Time since last request: 0.000016 seconds.
  path: Assets/Buildings/Modular Village/Waterwheel_1.obj
  artifactKey: Guid(49ea6eded054b4546965f891d1a560ab) Importer(815301076,1909f56bfc062723c751e8b465ee728b)
Number of updated assets reloaded before import = 0
Start importing Assets/Buildings/Modular Village/Waterwheel_1.obj using Guid(49ea6eded054b4546965f891d1a560ab) Importer(815301076,1909f56bfc062723c751e8b465ee728b)  -> (artifact id: '5a2cd4802319b6bf3d5c6322c8561127') in 0.055783 seconds 
Number of asset objects unloaded after import = 12
========================================================================
Received Import Request.
  Time since last request: 0.000024 seconds.
  path: Assets/Buildings/Modular Village/Waterwheel_Flume_End.obj
  artifactKey: Guid(1fb2fb87744af164987e7f875ca55b7b) Importer(815301076,1909f56bfc062723c751e8b465ee728b)
Number of updated assets reloaded before import = 0
Start importing Assets/Buildings/Modular Village/Waterwheel_Flume_End.obj using Guid(1fb2fb87744af164987e7f875ca55b7b) Importer(815301076,1909f56bfc062723c751e8b465ee728b)  -> (artifact id: '2551a10a00d416659590e9852adb03bb') in 0.043885 seconds 
Number of asset objects unloaded after import = 11
========================================================================
Received Import Request.
  Time since last request: 1.435020 seconds.
  path: Assets/Buildings/Modular Village/Waterwheel_Flume_Support_Pillar.obj
  artifactKey: Guid(99cb6ebc6bed5464fbd8d25b1d43a3b4) Importer(815301076,1909f56bfc062723c751e8b465ee728b)
Number of updated assets reloaded before import = 0
Start importing Assets/Buildings/Modular Village/Waterwheel_Flume_Support_Pillar.obj using Guid(99cb6ebc6bed5464fbd8d25b1d43a3b4) Importer(815301076,1909f56bfc062723c751e8b465ee728b)  -> (artifact id: 'ce0fed244ca367ddc932117f908edeb8') in 0.033620 seconds 
Number of asset objects unloaded after import = 10
========================================================================
Received Import Request.
  Time since last request: 0.000014 seconds.
  path: Assets/Buildings/Modular Village/Wood_Floor_Straight_3.obj
  artifactKey: Guid(1e2f48f352e5fe342a21b396673e59f5) Importer(815301076,1909f56bfc062723c751e8b465ee728b)
Number of updated assets reloaded before import = 0
Start importing Assets/Buildings/Modular Village/Wood_Floor_Straight_3.obj using Guid(1e2f48f352e5fe342a21b396673e59f5) Importer(815301076,1909f56bfc062723c751e8b465ee728b)  -> (artifact id: '514821f2932a806be6afce5f37222fa2') in 0.038816 seconds 
Number of asset objects unloaded after import = 11
========================================================================
Received Import Request.
  Time since last request: 0.000024 seconds.
  path: Assets/Buildings/Modular Village/Wood_Floor_Straight_1.obj
  artifactKey: Guid(30a1498e19ba06d43bd1a42de66a54d6) Importer(815301076,1909f56bfc062723c751e8b465ee728b)
Number of updated assets reloaded before import = 0
Start importing Assets/Buildings/Modular Village/Wood_Floor_Straight_1.obj using Guid(30a1498e19ba06d43bd1a42de66a54d6) Importer(815301076,1909f56bfc062723c751e8b465ee728b)  -> (artifact id: 'af5f01fa6a848215f74030b5f2aaa8bc') in 0.039101 seconds 
Number of asset objects unloaded after import = 11
========================================================================
Received Import Request.
  Time since last request: 0.022107 seconds.
  path: Assets/Buildings/Modular Village/Wood_Railing_Corner.obj
  artifactKey: Guid(614cb98c52cd8e445b17e1aa60d9f4e8) Importer(815301076,1909f56bfc062723c751e8b465ee728b)
Number of updated assets reloaded before import = 0
Start importing Assets/Buildings/Modular Village/Wood_Railing_Corner.obj using Guid(614cb98c52cd8e445b17e1aa60d9f4e8) Importer(815301076,1909f56bfc062723c751e8b465ee728b)  -> (artifact id: 'fa1025b3c1fb019b7097d6e1719692ab') in 0.133006 seconds 
Number of asset objects unloaded after import = 56
Editor requested this worker to shutdown with reason: Scaling down because of idle timeout
AssetImportWorkerClient::OnTransportError - code=2 error=End of file
AssetImportWorker is now disconnected from the server
Process exiting
Exiting without the bug reporter. Application will terminate with return code 0