Using pre-set license
Built from '2021.3/staging' branch; Version is '2021.3.36f1 (7a0645017be0) revision 7996997'; Using compiler version '192829333'; Build Type 'Release'
OS: 'Windows 11  (10.0.22631) 64bit Core' Language: 'tr' Physical Memory: 16128 MB
BatchMode: 1, IsHumanControllingUs: 0, StartBugReporterOnCrash: 0, Is64bit: 1, IsPro: 1

COMMAND LINE ARGUMENTS:
C:\Program Files\Unity\Hub\Editor\2021.3.36f1\Editor\Unity.exe
-adb2
-batchMode
-noUpm
-name
AssetImportWorker1
-projectPath
C:/Users/ekinutku/Desktop/Dosyalar/yazılım/Unity/Dark and Light
-logFile
Logs/AssetImportWorker1.log
-srvPort
60009
Successfully changed project path to: C:/Users/ekinutku/Desktop/Dosyalar/yazılım/Unity/Dark and Light
C:/Users/ekinutku/Desktop/Dosyalar/yazılım/Unity/Dark and Light
[UnityMemory] Configuration Parameters - Can be set up in boot.config
    "memorysetup-bucket-allocator-granularity=16"
    "memorysetup-bucket-allocator-bucket-count=8"
    "memorysetup-bucket-allocator-block-size=33554432"
    "memorysetup-bucket-allocator-block-count=8"
    "memorysetup-main-allocator-block-size=16777216"
    "memorysetup-thread-allocator-block-size=16777216"
    "memorysetup-gfx-main-allocator-block-size=16777216"
    "memorysetup-gfx-thread-allocator-block-size=16777216"
    "memorysetup-cache-allocator-block-size=4194304"
    "memorysetup-typetree-allocator-block-size=2097152"
    "memorysetup-profiler-bucket-allocator-granularity=16"
    "memorysetup-profiler-bucket-allocator-bucket-count=8"
    "memorysetup-profiler-bucket-allocator-block-size=33554432"
    "memorysetup-profiler-bucket-allocator-block-count=8"
    "memorysetup-profiler-allocator-block-size=16777216"
    "memorysetup-profiler-editor-allocator-block-size=1048576"
    "memorysetup-temp-allocator-size-main=16777216"
    "memorysetup-job-temp-allocator-block-size=2097152"
    "memorysetup-job-temp-allocator-block-size-background=1048576"
    "memorysetup-job-temp-allocator-reduction-small-platforms=262144"
    "memorysetup-temp-allocator-size-background-worker=32768"
    "memorysetup-temp-allocator-size-job-worker=262144"
    "memorysetup-temp-allocator-size-preload-manager=33554432"
    "memorysetup-temp-allocator-size-nav-mesh-worker=65536"
    "memorysetup-temp-allocator-size-audio-worker=65536"
    "memorysetup-temp-allocator-size-cloud-worker=32768"
    "memorysetup-temp-allocator-size-gi-baking-worker=262144"
    "memorysetup-temp-allocator-size-gfx=262144"
Player connection [21928] Host "[IP] 192.168.1.26 [Port] 0 [Flags] 2 [Guid] 4025278069 [EditorId] 4025278069 [Version] 1048832 [Id] WindowsEditor(7,DESKTOP-F1HBLKA) [Debug] 1 [PackageName] WindowsEditor [ProjectName] Editor" joined multi-casting on [225.0.0.222:54997]...

Player connection [21928] Host "[IP] 192.168.1.26 [Port] 0 [Flags] 2 [Guid] 4025278069 [EditorId] 4025278069 [Version] 1048832 [Id] WindowsEditor(7,DESKTOP-F1HBLKA) [Debug] 1 [PackageName] WindowsEditor [ProjectName] Editor" joined alternative multi-casting on [225.0.0.222:34997]...

[Physics::Module] Initialized MultithreadedJobDispatcher with {0} workers.
Refreshing native plugins compatible for Editor in 47.39 ms, found 3 plugins.
Preloading 0 native plugins for Editor in 0.00 ms.
Initialize engine version: 2021.3.36f1 (7a0645017be0)
[Subsystems] Discovering subsystems at path C:/Program Files/Unity/Hub/Editor/2021.3.36f1/Editor/Data/Resources/UnitySubsystems
[Subsystems] Discovering subsystems at path C:/Users/ekinutku/Desktop/Dosyalar/yazılım/Unity/Dark and Light/Assets
GfxDevice: creating device client; threaded=0; jobified=0
Direct3D:
    Version:  Direct3D 11.0 [level 11.1]
    Renderer: NVIDIA GeForce RTX 3050 Ti Laptop GPU (ID=0x25a0)
    Vendor:   NVIDIA
    VRAM:     3962 MB
    Driver:   31.0.15.5161
Initialize mono
Mono path[0] = 'C:/Program Files/Unity/Hub/Editor/2021.3.36f1/Editor/Data/Managed'
Mono path[1] = 'C:/Program Files/Unity/Hub/Editor/2021.3.36f1/Editor/Data/MonoBleedingEdge/lib/mono/unityjit-win32'
Mono config path = 'C:/Program Files/Unity/Hub/Editor/2021.3.36f1/Editor/Data/MonoBleedingEdge/etc'
Using monoOptions --debugger-agent=transport=dt_socket,embedding=1,server=y,suspend=n,address=127.0.0.1:56408
Begin MonoManager ReloadAssembly
Registering precompiled unity dll's ...
Register platform support module: C:/Program Files/Unity/Hub/Editor/2021.3.36f1/Editor/Data/PlaybackEngines/WindowsStandaloneSupport/UnityEditor.WindowsStandalone.Extensions.dll
Registered in 0.002873 seconds.
Native extension for WindowsStandalone target not found
Refreshing native plugins compatible for Editor in 51.68 ms, found 3 plugins.
Preloading 0 native plugins for Editor in 0.00 ms.
Mono: successfully reloaded assembly
- Completed reload, in  0.522 seconds
Domain Reload Profiling:
	ReloadAssembly (522ms)
		BeginReloadAssembly (79ms)
			ExecutionOrderSort (0ms)
			DisableScriptedObjects (0ms)
			BackupInstance (0ms)
			ReleaseScriptingObjects (0ms)
			CreateAndSetChildDomain (1ms)
		EndReloadAssembly (362ms)
			LoadAssemblies (77ms)
			RebuildTransferFunctionScriptingTraits (0ms)
			SetupTypeCache (86ms)
			ReleaseScriptCaches (0ms)
			RebuildScriptCaches (23ms)
			SetupLoadedEditorAssemblies (218ms)
				LogAssemblyErrors (0ms)
				InitializePlatformSupportModulesInManaged (6ms)
				SetLoadedEditorAssemblies (0ms)
				RefreshPlugins (52ms)
				BeforeProcessingInitializeOnLoad (1ms)
				ProcessInitializeOnLoadAttributes (119ms)
				ProcessInitializeOnLoadMethodAttributes (39ms)
				AfterProcessingInitializeOnLoad (0ms)
				EditorAssembliesLoaded (0ms)
			ExecutionOrderSort2 (0ms)
			AwakeInstancesAfterBackupRestoration (0ms)
Platform modules already initialized, skipping
Registering precompiled user dll's ...
Registered in 0.002922 seconds.
Begin MonoManager ReloadAssembly
Native extension for WindowsStandalone target not found
Refreshing native plugins compatible for Editor in 0.39 ms, found 3 plugins.
Preloading 0 native plugins for Editor in 0.00 ms.
Package Manager log level set to [2]
[Package Manager] Server::EnsureServerProcessIsRunning -- launch failed, reason: Unity was launched with the -noUpm command-line argument
[Package Manager] Cannot connect to Unity Package Manager local server
Mono: successfully reloaded assembly
- Completed reload, in  1.189 seconds
Domain Reload Profiling:
	ReloadAssembly (1191ms)
		BeginReloadAssembly (100ms)
			ExecutionOrderSort (0ms)
			DisableScriptedObjects (4ms)
			BackupInstance (0ms)
			ReleaseScriptingObjects (0ms)
			CreateAndSetChildDomain (16ms)
		EndReloadAssembly (1005ms)
			LoadAssemblies (74ms)
			RebuildTransferFunctionScriptingTraits (0ms)
			SetupTypeCache (210ms)
			ReleaseScriptCaches (0ms)
			RebuildScriptCaches (39ms)
			SetupLoadedEditorAssemblies (659ms)
				LogAssemblyErrors (0ms)
				InitializePlatformSupportModulesInManaged (4ms)
				SetLoadedEditorAssemblies (1ms)
				RefreshPlugins (0ms)
				BeforeProcessingInitializeOnLoad (57ms)
				ProcessInitializeOnLoadAttributes (572ms)
				ProcessInitializeOnLoadMethodAttributes (20ms)
				AfterProcessingInitializeOnLoad (4ms)
				EditorAssembliesLoaded (0ms)
			ExecutionOrderSort2 (0ms)
			AwakeInstancesAfterBackupRestoration (5ms)
Platform modules already initialized, skipping
========================================================================
Worker process is ready to serve import requests
Launched and connected shader compiler UnityShaderCompiler.exe after 0.04 seconds
Refreshing native plugins compatible for Editor in 0.41 ms, found 3 plugins.
Preloading 0 native plugins for Editor in 0.00 ms.
Unloading 3071 Unused Serialized files (Serialized files now loaded: 0)
Unloading 23 unused Assets / (47.0 KB). Loaded Objects now: 3551.
Memory consumption went from 121.6 MB to 121.6 MB.
Total: 2.575800 ms (FindLiveObjects: 0.265800 ms CreateObjectMapping: 0.105900 ms MarkObjects: 2.126200 ms  DeleteObjects: 0.076500 ms)

AssetImportParameters requested are different than current active one (requested -> active):
  custom:video-decoder-ogg-theora: a1e56fd34408186e4bbccfd4996cb3dc -> 
  custom:container-muxer-webm: aa71ff27fc2769a1b78a27578f13a17b -> 
  custom:container-demuxer-webm: 4f35f7cbe854078d1ac9338744f61a02 -> 
  custom:video-encoder-webm-vp8: eb34c28f22e8b96e1ab97ce403110664 -> 
  custom:video-codec-MediaFoundation-h265: 746d11721c4dcdbdad8f713fa42b33f4 -> 
  custom:CustomObjectIndexerAttribute: bc11b3a6c3213fcdd17b65e7da85e133 -> 
  custom:audio-encoder-webm-vorbis: bf7c407c2cedff20999df2af8eb42d56 -> 
  custom:framework-win-MediaFoundation: 216162199b28c13a410421893ffa2e32 -> 
  custom:SearchIndexIgnoredProperties: e643bd26f0fe6173181afceb89e7c659 -> 
  custom:container-demuxer-ogg: 62fdf1f143b41e24485cea50d1cbac27 -> 
  custom:video-decoder-webm-vp8: 9c59270c3fd7afecdb556c50c9e8de78 -> 
  custom:audio-decoder-ogg-vorbis: bf7c407c2cedff20999df2af8eb42d56 -> 
========================================================================
Received Import Request.
  Time since last request: 212963.496839 seconds.
  path: Assets/Buildings/Modular Village/Roof_Concave_Corner_Outer.obj
  artifactKey: Guid(80d082a4c36c0c64086b1b0384a7f53c) Importer(815301076,1909f56bfc062723c751e8b465ee728b)
Number of updated assets reloaded before import = 0
Start importing Assets/Buildings/Modular Village/Roof_Concave_Corner_Outer.obj using Guid(80d082a4c36c0c64086b1b0384a7f53c) Importer(815301076,1909f56bfc062723c751e8b465ee728b)  -> (artifact id: 'ceef4e825eac8309551e3f7811de1e1a') in 0.162386 seconds 
Number of asset objects unloaded after import = 12
========================================================================
Received Import Request.
  Time since last request: 0.000038 seconds.
  path: Assets/Buildings/Modular Village/Prop_Ladder_1.obj
  artifactKey: Guid(7fb63f6041e82c54aa61f2793e852d2a) Importer(815301076,1909f56bfc062723c751e8b465ee728b)
Number of updated assets reloaded before import = 0
Start importing Assets/Buildings/Modular Village/Prop_Ladder_1.obj using Guid(7fb63f6041e82c54aa61f2793e852d2a) Importer(815301076,1909f56bfc062723c751e8b465ee728b)  -> (artifact id: 'ff9b7756bbd8986fa374cfc9ecfda266') in 0.047910 seconds 
Number of asset objects unloaded after import = 11
========================================================================
Received Import Request.
  Time since last request: 0.000049 seconds.
  path: Assets/Buildings/Modular Village/Prop_Barrel_1.obj
  artifactKey: Guid(c60ce71229717be41ba6440d81990b0c) Importer(815301076,1909f56bfc062723c751e8b465ee728b)
Number of updated assets reloaded before import = 0
Start importing Assets/Buildings/Modular Village/Prop_Barrel_1.obj using Guid(c60ce71229717be41ba6440d81990b0c) Importer(815301076,1909f56bfc062723c751e8b465ee728b)  -> (artifact id: '6700df0d06856c4ea8c11fe10c22f014') in 0.056589 seconds 
Number of asset objects unloaded after import = 12
========================================================================
Received Import Request.
  Time since last request: 0.000023 seconds.
  path: Assets/Buildings/Modular Village/Prop_Boat_2.obj
  artifactKey: Guid(a2a87bff85634554ba03926d8c90001d) Importer(815301076,1909f56bfc062723c751e8b465ee728b)
Number of updated assets reloaded before import = 0
Start importing Assets/Buildings/Modular Village/Prop_Boat_2.obj using Guid(a2a87bff85634554ba03926d8c90001d) Importer(815301076,1909f56bfc062723c751e8b465ee728b)  -> (artifact id: 'bab9a0e15f6a48d02bf511beafd80be4') in 0.089891 seconds 
Number of asset objects unloaded after import = 26
========================================================================
Received Import Request.
  Time since last request: 0.000030 seconds.
  path: Assets/Buildings/Modular Village/Canopy_Full.obj
  artifactKey: Guid(1c1c8e91ac93dd043a482c8cd9577c34) Importer(815301076,1909f56bfc062723c751e8b465ee728b)
Number of updated assets reloaded before import = 0
Start importing Assets/Buildings/Modular Village/Canopy_Full.obj using Guid(1c1c8e91ac93dd043a482c8cd9577c34) Importer(815301076,1909f56bfc062723c751e8b465ee728b)  -> (artifact id: 'f4523c82f927324a7f7eec3c974c2229') in 0.048458 seconds 
Number of asset objects unloaded after import = 16
========================================================================
Received Import Request.
  Time since last request: 0.000022 seconds.
  path: Assets/Buildings/Modular Village/Prop_Cart_1_Barrels.obj
  artifactKey: Guid(47579932e284e3e42ab8cb6a2888ed76) Importer(815301076,1909f56bfc062723c751e8b465ee728b)
Number of updated assets reloaded before import = 0
Start importing Assets/Buildings/Modular Village/Prop_Cart_1_Barrels.obj using Guid(47579932e284e3e42ab8cb6a2888ed76) Importer(815301076,1909f56bfc062723c751e8b465ee728b)  -> (artifact id: '0323361759985a07045781b88129fa75') in 0.357079 seconds 
Number of asset objects unloaded after import = 214
========================================================================
Received Import Request.
  Time since last request: 0.000036 seconds.
  path: Assets/Buildings/Modular Village/Kit_Window_Upper_Convex.obj
  artifactKey: Guid(c17027ec09feda34682a7cb7005eb2d8) Importer(815301076,1909f56bfc062723c751e8b465ee728b)
Number of updated assets reloaded before import = 0
Start importing Assets/Buildings/Modular Village/Kit_Window_Upper_Convex.obj using Guid(c17027ec09feda34682a7cb7005eb2d8) Importer(815301076,1909f56bfc062723c751e8b465ee728b)  -> (artifact id: 'a3d184e110774cb7fcf6bf7cdfc130ef') in 0.068056 seconds 
Number of asset objects unloaded after import = 29
========================================================================
Received Import Request.
  Time since last request: 0.000036 seconds.
  path: Assets/Buildings/Modular Village/Canopy_Beam.obj
  artifactKey: Guid(37aea40e49644df40835beb45d5a9ca7) Importer(815301076,1909f56bfc062723c751e8b465ee728b)
Number of updated assets reloaded before import = 0
Start importing Assets/Buildings/Modular Village/Canopy_Beam.obj using Guid(37aea40e49644df40835beb45d5a9ca7) Importer(815301076,1909f56bfc062723c751e8b465ee728b)  -> (artifact id: '69dd3c06937f414212a5493b0f7800be') in 0.032552 seconds 
Number of asset objects unloaded after import = 10
========================================================================
Received Import Request.
  Time since last request: 0.000027 seconds.
  path: Assets/Buildings/Modular Village/Prop_Crate_1.obj
  artifactKey: Guid(9e24ac5475d94ab479cca9f74753e239) Importer(815301076,1909f56bfc062723c751e8b465ee728b)
Number of updated assets reloaded before import = 0
Start importing Assets/Buildings/Modular Village/Prop_Crate_1.obj using Guid(9e24ac5475d94ab479cca9f74753e239) Importer(815301076,1909f56bfc062723c751e8b465ee728b)  -> (artifact id: '5c81018975078ee9c8a693300aaac719') in 0.084753 seconds 
Number of asset objects unloaded after import = 42
========================================================================
Received Prepare
Registering precompiled user dll's ...
Registered in 0.002900 seconds.
Begin MonoManager ReloadAssembly
Native extension for WindowsStandalone target not found
Refreshing native plugins compatible for Editor in 0.41 ms, found 3 plugins.
Preloading 0 native plugins for Editor in 0.00 ms.
[Package Manager] Server::EnsureServerProcessIsRunning -- launch failed, reason: Unity was launched with the -noUpm command-line argument
[Package Manager] Cannot connect to Unity Package Manager local server
Mono: successfully reloaded assembly
- Completed reload, in  1.243 seconds
Domain Reload Profiling:
	ReloadAssembly (1243ms)
		BeginReloadAssembly (121ms)
			ExecutionOrderSort (0ms)
			DisableScriptedObjects (3ms)
			BackupInstance (0ms)
			ReleaseScriptingObjects (0ms)
			CreateAndSetChildDomain (28ms)
		EndReloadAssembly (1038ms)
			LoadAssemblies (72ms)
			RebuildTransferFunctionScriptingTraits (0ms)
			SetupTypeCache (224ms)
			ReleaseScriptCaches (2ms)
			RebuildScriptCaches (36ms)
			SetupLoadedEditorAssemblies (671ms)
				LogAssemblyErrors (0ms)
				InitializePlatformSupportModulesInManaged (4ms)
				SetLoadedEditorAssemblies (0ms)
				RefreshPlugins (0ms)
				BeforeProcessingInitializeOnLoad (46ms)
				ProcessInitializeOnLoadAttributes (585ms)
				ProcessInitializeOnLoadMethodAttributes (28ms)
				AfterProcessingInitializeOnLoad (6ms)
				EditorAssembliesLoaded (0ms)
			ExecutionOrderSort2 (0ms)
			AwakeInstancesAfterBackupRestoration (8ms)
Platform modules already initialized, skipping
Refreshing native plugins compatible for Editor in 0.53 ms, found 3 plugins.
Preloading 0 native plugins for Editor in 0.00 ms.
Unloading 3064 Unused Serialized files (Serialized files now loaded: 0)
Unloading 18 unused Assets / (21.9 KB). Loaded Objects now: 3598.
Memory consumption went from 126.5 MB to 126.4 MB.
Total: 2.825200 ms (FindLiveObjects: 0.224100 ms CreateObjectMapping: 0.088300 ms MarkObjects: 2.476000 ms  DeleteObjects: 0.035600 ms)

AssetImportParameters requested are different than current active one (requested -> active):
  custom:video-decoder-ogg-theora: a1e56fd34408186e4bbccfd4996cb3dc -> 
  custom:container-muxer-webm: aa71ff27fc2769a1b78a27578f13a17b -> 
  custom:container-demuxer-webm: 4f35f7cbe854078d1ac9338744f61a02 -> 
  custom:video-encoder-webm-vp8: eb34c28f22e8b96e1ab97ce403110664 -> 
  custom:video-codec-MediaFoundation-h265: 746d11721c4dcdbdad8f713fa42b33f4 -> 
  custom:CustomObjectIndexerAttribute: bc11b3a6c3213fcdd17b65e7da85e133 -> 
  custom:audio-encoder-webm-vorbis: bf7c407c2cedff20999df2af8eb42d56 -> 
  custom:framework-win-MediaFoundation: 216162199b28c13a410421893ffa2e32 -> 
  custom:SearchIndexIgnoredProperties: e643bd26f0fe6173181afceb89e7c659 -> 
  custom:container-demuxer-ogg: 62fdf1f143b41e24485cea50d1cbac27 -> 
  custom:video-decoder-webm-vp8: 9c59270c3fd7afecdb556c50c9e8de78 -> 
  custom:audio-decoder-ogg-vorbis: bf7c407c2cedff20999df2af8eb42d56 -> 
========================================================================
Received Import Request.
  Time since last request: 58.767699 seconds.
  path: Assets/Buildings/Modular Village/Roof_Concave_Side_Edge.obj
  artifactKey: Guid(18a83d6227cc2774d8c838e0112f74f8) Importer(815301076,1909f56bfc062723c751e8b465ee728b)
Number of updated assets reloaded before import = 0
Start importing Assets/Buildings/Modular Village/Roof_Concave_Side_Edge.obj using Guid(18a83d6227cc2774d8c838e0112f74f8) Importer(815301076,1909f56bfc062723c751e8b465ee728b)  -> (artifact id: 'e8952e911ac549e18985f9613c8b769d') in 0.133971 seconds 
Number of asset objects unloaded after import = 13
========================================================================
Received Import Request.
  Time since last request: 0.000019 seconds.
  path: Assets/Buildings/Modular Village/Roof_Convex_Side_Eave_Edge.obj
  artifactKey: Guid(5fc20b1982de02748ac07280fc3c1f40) Importer(815301076,1909f56bfc062723c751e8b465ee728b)
Number of updated assets reloaded before import = 0
Start importing Assets/Buildings/Modular Village/Roof_Convex_Side_Eave_Edge.obj using Guid(5fc20b1982de02748ac07280fc3c1f40) Importer(815301076,1909f56bfc062723c751e8b465ee728b)  -> (artifact id: 'cd18f7d7a284667ebb7bbaba7199e1fa') in 0.044779 seconds 
Number of asset objects unloaded after import = 13
========================================================================
Received Import Request.
  Time since last request: 0.000024 seconds.
  path: Assets/Buildings/Modular Village/Roof_Prop_Chimney_Pipe.obj
  artifactKey: Guid(16ca650bb8cd37a49aafc28edcada697) Importer(815301076,1909f56bfc062723c751e8b465ee728b)
Number of updated assets reloaded before import = 0
Start importing Assets/Buildings/Modular Village/Roof_Prop_Chimney_Pipe.obj using Guid(16ca650bb8cd37a49aafc28edcada697) Importer(815301076,1909f56bfc062723c751e8b465ee728b)  -> (artifact id: '74867f27a86e556346a758ff3e15171b') in 0.029394 seconds 
Number of asset objects unloaded after import = 10
========================================================================
Received Import Request.
  Time since last request: 0.000021 seconds.
  path: Assets/Buildings/Modular Village/Roof_Prop_Chimney_Stone.obj
  artifactKey: Guid(be29e40ab315dad40a0710f8c007af9d) Importer(815301076,1909f56bfc062723c751e8b465ee728b)
Number of updated assets reloaded before import = 0
Start importing Assets/Buildings/Modular Village/Roof_Prop_Chimney_Stone.obj using Guid(be29e40ab315dad40a0710f8c007af9d) Importer(815301076,1909f56bfc062723c751e8b465ee728b)  -> (artifact id: 'bcf45d8d06fecc90ae83396352b04c8e') in 0.032421 seconds 
Number of asset objects unloaded after import = 11
========================================================================
Received Import Request.
  Time since last request: 487.924488 seconds.
  path: Assets/Buildings/Modular Village/Roof_Straight_Corner_Outer_Eave.obj
  artifactKey: Guid(fa19d5a157f0ddc44b508937b79f4852) Importer(815301076,1909f56bfc062723c751e8b465ee728b)
Number of updated assets reloaded before import = 0
Start importing Assets/Buildings/Modular Village/Roof_Straight_Corner_Outer_Eave.obj using Guid(fa19d5a157f0ddc44b508937b79f4852) Importer(815301076,1909f56bfc062723c751e8b465ee728b)  -> (artifact id: 'abd509b4d65f52c43a3b017483e0b15a') in 0.047671 seconds 
Number of asset objects unloaded after import = 12
========================================================================
Received Import Request.
  Time since last request: 0.000035 seconds.
  path: Assets/Buildings/Modular Village/Roof_Straight_Side_Eave.obj
  artifactKey: Guid(5b0bd192d10eff6458bf31a491f4bf86) Importer(815301076,1909f56bfc062723c751e8b465ee728b)
Number of updated assets reloaded before import = 0
Start importing Assets/Buildings/Modular Village/Roof_Straight_Side_Eave.obj using Guid(5b0bd192d10eff6458bf31a491f4bf86) Importer(815301076,1909f56bfc062723c751e8b465ee728b)  -> (artifact id: 'd58180ede677ea83413e706f976075c5') in 0.040776 seconds 
Number of asset objects unloaded after import = 12
========================================================================
Received Import Request.
  Time since last request: 0.000029 seconds.
  path: Assets/Buildings/Modular Village/Stone_Arch.obj
  artifactKey: Guid(f2bfeaf0c27428e4c833152153b2c510) Importer(815301076,1909f56bfc062723c751e8b465ee728b)
Number of updated assets reloaded before import = 0
Start importing Assets/Buildings/Modular Village/Stone_Arch.obj using Guid(f2bfeaf0c27428e4c833152153b2c510) Importer(815301076,1909f56bfc062723c751e8b465ee728b)  -> (artifact id: 'ce0ef9f82e46fc582ecdc8f7d999cded') in 0.032004 seconds 
Number of asset objects unloaded after import = 10
========================================================================
Received Import Request.
  Time since last request: 0.000025 seconds.
  path: Assets/Buildings/Modular Village/Stone_Doorway_Wide_Tall_1.obj
  artifactKey: Guid(eeb663ceeab15ab49ba06cd02c09450f) Importer(815301076,1909f56bfc062723c751e8b465ee728b)
Number of updated assets reloaded before import = 0
Start importing Assets/Buildings/Modular Village/Stone_Doorway_Wide_Tall_1.obj using Guid(eeb663ceeab15ab49ba06cd02c09450f) Importer(815301076,1909f56bfc062723c751e8b465ee728b)  -> (artifact id: 'b867a776411e1b0e3d5f16c38da01275') in 0.102230 seconds 
Number of asset objects unloaded after import = 38
========================================================================
Received Import Request.
  Time since last request: 0.000027 seconds.
  path: Assets/Buildings/Modular Village/Stone_Doorway_Narrow_Tall_1.obj
  artifactKey: Guid(33086a0e5bbba8548973c1dfe9d02de6) Importer(815301076,1909f56bfc062723c751e8b465ee728b)
Number of updated assets reloaded before import = 0
Start importing Assets/Buildings/Modular Village/Stone_Doorway_Narrow_Tall_1.obj using Guid(33086a0e5bbba8548973c1dfe9d02de6) Importer(815301076,1909f56bfc062723c751e8b465ee728b)  -> (artifact id: 'f435810efb2727f12c0f198585fa1cf1') in 0.057496 seconds 
Number of asset objects unloaded after import = 17
========================================================================
Received Import Request.
  Time since last request: 0.000017 seconds.
  path: Assets/Buildings/Modular Village/Stone_Doorway_Narrow_Tall_2.obj
  artifactKey: Guid(b5823a77075827b4581af9c8804906d4) Importer(815301076,1909f56bfc062723c751e8b465ee728b)
Number of updated assets reloaded before import = 0
Start importing Assets/Buildings/Modular Village/Stone_Doorway_Narrow_Tall_2.obj using Guid(b5823a77075827b4581af9c8804906d4) Importer(815301076,1909f56bfc062723c751e8b465ee728b)  -> (artifact id: '23712367eda068549194a329ee26b762') in 0.052170 seconds 
Number of asset objects unloaded after import = 17
========================================================================
Received Import Request.
  Time since last request: 0.000024 seconds.
  path: Assets/Buildings/Modular Village/Stone_Curb_4.obj
  artifactKey: Guid(4a29fe001be87754b8447d73c68f4e41) Importer(815301076,1909f56bfc062723c751e8b465ee728b)
Number of updated assets reloaded before import = 0
Start importing Assets/Buildings/Modular Village/Stone_Curb_4.obj using Guid(4a29fe001be87754b8447d73c68f4e41) Importer(815301076,1909f56bfc062723c751e8b465ee728b)  -> (artifact id: '4b5772544057ac85ee8443ce19aee6cf') in 0.034112 seconds 
Number of asset objects unloaded after import = 11
========================================================================
Received Import Request.
  Time since last request: 0.000033 seconds.
  path: Assets/Buildings/Modular Village/Stone_Curb_3.obj
  artifactKey: Guid(1e8d6a170e141c145997edc82e0efbf0) Importer(815301076,1909f56bfc062723c751e8b465ee728b)
Number of updated assets reloaded before import = 0
Start importing Assets/Buildings/Modular Village/Stone_Curb_3.obj using Guid(1e8d6a170e141c145997edc82e0efbf0) Importer(815301076,1909f56bfc062723c751e8b465ee728b)  -> (artifact id: '80806a50e4b2cd905d161abd1c0822ac') in 0.031468 seconds 
Number of asset objects unloaded after import = 11
========================================================================
Received Import Request.
  Time since last request: 1.692609 seconds.
  path: Assets/Buildings/Modular Village/Stone_Floor_2.obj
  artifactKey: Guid(0c15c63c31b5b4d4787f03848e2393bb) Importer(815301076,1909f56bfc062723c751e8b465ee728b)
Number of updated assets reloaded before import = 0
Start importing Assets/Buildings/Modular Village/Stone_Floor_2.obj using Guid(0c15c63c31b5b4d4787f03848e2393bb) Importer(815301076,1909f56bfc062723c751e8b465ee728b)  -> (artifact id: 'ab217b017533667ffc4baaf53c3b7a51') in 0.058859 seconds 
Number of asset objects unloaded after import = 12
========================================================================
Received Import Request.
  Time since last request: 0.000016 seconds.
  path: Assets/Buildings/Modular Village/Stone_Stairs_Railing.obj
  artifactKey: Guid(e36541942acd05b49812607529f55d6f) Importer(815301076,1909f56bfc062723c751e8b465ee728b)
Number of updated assets reloaded before import = 0
Start importing Assets/Buildings/Modular Village/Stone_Stairs_Railing.obj using Guid(e36541942acd05b49812607529f55d6f) Importer(815301076,1909f56bfc062723c751e8b465ee728b)  -> (artifact id: '375bb1cfdadb7bd0d9daad812ad128b4') in 0.049343 seconds 
Number of asset objects unloaded after import = 30
========================================================================
Received Import Request.
  Time since last request: 0.000019 seconds.
  path: Assets/Buildings/Modular Village/Stone_Steps.obj
  artifactKey: Guid(6e792bf3d3648144b8aaa24cf28f0019) Importer(815301076,1909f56bfc062723c751e8b465ee728b)
Number of updated assets reloaded before import = 0
Start importing Assets/Buildings/Modular Village/Stone_Steps.obj using Guid(6e792bf3d3648144b8aaa24cf28f0019) Importer(815301076,1909f56bfc062723c751e8b465ee728b)  -> (artifact id: 'c117b3088bd067f1aabb6bc9a6303699') in 0.026855 seconds 
Number of asset objects unloaded after import = 10
========================================================================
Received Import Request.
  Time since last request: 0.000025 seconds.
  path: Assets/Buildings/Modular Village/Stone_Sewer_Grate_2.obj
  artifactKey: Guid(3bf2bbbbc8bf57e409d5fd33d53fafb2) Importer(815301076,1909f56bfc062723c751e8b465ee728b)
Number of updated assets reloaded before import = 0
Start importing Assets/Buildings/Modular Village/Stone_Sewer_Grate_2.obj using Guid(3bf2bbbbc8bf57e409d5fd33d53fafb2) Importer(815301076,1909f56bfc062723c751e8b465ee728b)  -> (artifact id: '70e322b457aaf62d32d08bf88a37cfbb') in 0.085774 seconds 
Number of asset objects unloaded after import = 47
========================================================================
Received Import Request.
  Time since last request: 2.593000 seconds.
  path: Assets/Buildings/Modular Village/Stone_to_Stucco_Doorway_Wide_Tall_2.obj
  artifactKey: Guid(b574627a168443e4aa9bd768ccb9fc84) Importer(815301076,1909f56bfc062723c751e8b465ee728b)
Number of updated assets reloaded before import = 0
Start importing Assets/Buildings/Modular Village/Stone_to_Stucco_Doorway_Wide_Tall_2.obj using Guid(b574627a168443e4aa9bd768ccb9fc84) Importer(815301076,1909f56bfc062723c751e8b465ee728b)  -> (artifact id: '123192106b28e9df1b1a2c7e2a8133f6') in 0.092704 seconds 
Number of asset objects unloaded after import = 59
========================================================================
Received Import Request.
  Time since last request: 0.000020 seconds.
  path: Assets/Buildings/Modular Village/Stone_Wall_3.obj
  artifactKey: Guid(45f47dff9b736904c8391a4510870a7f) Importer(815301076,1909f56bfc062723c751e8b465ee728b)
Number of updated assets reloaded before import = 0
Start importing Assets/Buildings/Modular Village/Stone_Wall_3.obj using Guid(45f47dff9b736904c8391a4510870a7f) Importer(815301076,1909f56bfc062723c751e8b465ee728b)  -> (artifact id: '3dadd87c24fb08d14c1dec5575ea1725') in 0.040521 seconds 
Number of asset objects unloaded after import = 11
========================================================================
Received Import Request.
  Time since last request: 0.000025 seconds.
  path: Assets/Buildings/Modular Village/Stone_Wall_2.obj
  artifactKey: Guid(d7f2ac5077f22b342b6380805209aab0) Importer(815301076,1909f56bfc062723c751e8b465ee728b)
Number of updated assets reloaded before import = 0
Start importing Assets/Buildings/Modular Village/Stone_Wall_2.obj using Guid(d7f2ac5077f22b342b6380805209aab0) Importer(815301076,1909f56bfc062723c751e8b465ee728b)  -> (artifact id: '948215d8fabca43de07719beb77dcb52') in 0.035471 seconds 
Number of asset objects unloaded after import = 11
========================================================================
Received Import Request.
  Time since last request: 0.000020 seconds.
  path: Assets/Buildings/Modular Village/Stucco_Block.obj
  artifactKey: Guid(acfd067ab33f0d545975acd888bb56ce) Importer(815301076,1909f56bfc062723c751e8b465ee728b)
Number of updated assets reloaded before import = 0
Start importing Assets/Buildings/Modular Village/Stucco_Block.obj using Guid(acfd067ab33f0d545975acd888bb56ce) Importer(815301076,1909f56bfc062723c751e8b465ee728b)  -> (artifact id: '7d7d3880fd0098d2750585d8126fe2cb') in 0.031082 seconds 
Number of asset objects unloaded after import = 10
========================================================================
Received Import Request.
  Time since last request: 0.000034 seconds.
  path: Assets/Buildings/Modular Village/Stucco_Prop_Support_Beam_2.obj
  artifactKey: Guid(13385f1e0b0a41b409f421725408beb8) Importer(815301076,1909f56bfc062723c751e8b465ee728b)
Number of updated assets reloaded before import = 0
Start importing Assets/Buildings/Modular Village/Stucco_Prop_Support_Beam_2.obj using Guid(13385f1e0b0a41b409f421725408beb8) Importer(815301076,1909f56bfc062723c751e8b465ee728b)  -> (artifact id: 'ade70ab94be3eb7eb3bc2ac3e40fbd14') in 0.042756 seconds 
Number of asset objects unloaded after import = 11
========================================================================
Received Import Request.
  Time since last request: 0.000023 seconds.
  path: Assets/Buildings/Modular Village/Stone_Wall_4.obj
  artifactKey: Guid(a3427086217a6a24a8a96ccecc60ec4e) Importer(815301076,1909f56bfc062723c751e8b465ee728b)
Number of updated assets reloaded before import = 0
Start importing Assets/Buildings/Modular Village/Stone_Wall_4.obj using Guid(a3427086217a6a24a8a96ccecc60ec4e) Importer(815301076,1909f56bfc062723c751e8b465ee728b)  -> (artifact id: 'f5da0cd9ebce5ecc74116b852fa9b738') in 0.040663 seconds 
Number of asset objects unloaded after import = 11
========================================================================
Received Import Request.
  Time since last request: 1.629064 seconds.
  path: Assets/Buildings/Modular Village/Stucco_Prop_Support_Pillar_2.obj
  artifactKey: Guid(237ffccba2e66b5418c16097f267eb85) Importer(815301076,1909f56bfc062723c751e8b465ee728b)
Number of updated assets reloaded before import = 0
Start importing Assets/Buildings/Modular Village/Stucco_Prop_Support_Pillar_2.obj using Guid(237ffccba2e66b5418c16097f267eb85) Importer(815301076,1909f56bfc062723c751e8b465ee728b)  -> (artifact id: '688569d47fe2818a4b7661a237210bcb') in 0.028178 seconds 
Number of asset objects unloaded after import = 11
========================================================================
Received Import Request.
  Time since last request: 0.000060 seconds.
  path: Assets/Buildings/Modular Village/Stucco_Window_Double_Narrow_Tall.obj
  artifactKey: Guid(dac3b79124fcb314ab039e6a5e9a7e66) Importer(815301076,1909f56bfc062723c751e8b465ee728b)
Number of updated assets reloaded before import = 0
Start importing Assets/Buildings/Modular Village/Stucco_Window_Double_Narrow_Tall.obj using Guid(dac3b79124fcb314ab039e6a5e9a7e66) Importer(815301076,1909f56bfc062723c751e8b465ee728b)  -> (artifact id: 'fcf97b30739ae6300c868c387c572930') in 0.056063 seconds 
Number of asset objects unloaded after import = 22
========================================================================
Received Import Request.
  Time since last request: 0.633625 seconds.
  path: Assets/Buildings/Modular Village/Stucco_Window_Rounded_Wide_Tall.obj
  artifactKey: Guid(9ad88ad51efdf6c4a8cb930a5185acf5) Importer(815301076,1909f56bfc062723c751e8b465ee728b)
Number of updated assets reloaded before import = 0
Start importing Assets/Buildings/Modular Village/Stucco_Window_Rounded_Wide_Tall.obj using Guid(9ad88ad51efdf6c4a8cb930a5185acf5) Importer(815301076,1909f56bfc062723c751e8b465ee728b)  -> (artifact id: '09d4ffbdcab4b59b9fc65ef1552a9cdc') in 0.050892 seconds 
Number of asset objects unloaded after import = 22
========================================================================
Received Import Request.
  Time since last request: 0.000020 seconds.
  path: Assets/Buildings/Modular Village/Stucco_Window_Single_Wide.obj
  artifactKey: Guid(ad86ec69c799eed4cb01e62bdbf48b17) Importer(815301076,1909f56bfc062723c751e8b465ee728b)
Number of updated assets reloaded before import = 0
Start importing Assets/Buildings/Modular Village/Stucco_Window_Single_Wide.obj using Guid(ad86ec69c799eed4cb01e62bdbf48b17) Importer(815301076,1909f56bfc062723c751e8b465ee728b)  -> (artifact id: '43a21ac8b0701a710499ba33c245c378') in 0.053732 seconds 
Number of asset objects unloaded after import = 22
========================================================================
Received Import Request.
  Time since last request: 0.553069 seconds.
  path: Assets/Buildings/Modular Village/Wall_Prop_Sign_1.obj
  artifactKey: Guid(8effb5c13f991ae4d8772269cd4eec80) Importer(815301076,1909f56bfc062723c751e8b465ee728b)
Number of updated assets reloaded before import = 0
Start importing Assets/Buildings/Modular Village/Wall_Prop_Sign_1.obj using Guid(8effb5c13f991ae4d8772269cd4eec80) Importer(815301076,1909f56bfc062723c751e8b465ee728b)  -> (artifact id: '09671b07658ac6969020303afd348d7f') in 0.171136 seconds 
Number of asset objects unloaded after import = 73
========================================================================
Received Import Request.
  Time since last request: 1.405567 seconds.
  path: Assets/Buildings/Modular Village/Waterwheel_Flume_Support_Brace_Double.obj
  artifactKey: Guid(4b9bbec97f3718442b65700f0ac128b3) Importer(815301076,1909f56bfc062723c751e8b465ee728b)
Number of updated assets reloaded before import = 0
Start importing Assets/Buildings/Modular Village/Waterwheel_Flume_Support_Brace_Double.obj using Guid(4b9bbec97f3718442b65700f0ac128b3) Importer(815301076,1909f56bfc062723c751e8b465ee728b)  -> (artifact id: '0246a92624fb129fef4960f8c86e9efd') in 0.035089 seconds 
Number of asset objects unloaded after import = 10
========================================================================
Received Import Request.
  Time since last request: 0.000021 seconds.
  path: Assets/Buildings/Modular Village/Wood_Floor_Straight_2.obj
  artifactKey: Guid(2f6048ef40d77f646a9db2720a737588) Importer(815301076,1909f56bfc062723c751e8b465ee728b)
Number of updated assets reloaded before import = 0
Start importing Assets/Buildings/Modular Village/Wood_Floor_Straight_2.obj using Guid(2f6048ef40d77f646a9db2720a737588) Importer(815301076,1909f56bfc062723c751e8b465ee728b)  -> (artifact id: 'fae5d83c61b0a70724acba1f46d21649') in 0.041065 seconds 
Number of asset objects unloaded after import = 11
========================================================================
Received Import Request.
  Time since last request: 0.060328 seconds.
  path: Assets/Buildings/Modular Village/Wood_Post_Small.obj
  artifactKey: Guid(b378c1824c96cd340ae49c7ce8a67a16) Importer(815301076,1909f56bfc062723c751e8b465ee728b)
Number of updated assets reloaded before import = 0
Start importing Assets/Buildings/Modular Village/Wood_Post_Small.obj using Guid(b378c1824c96cd340ae49c7ce8a67a16) Importer(815301076,1909f56bfc062723c751e8b465ee728b)  -> (artifact id: '64cb71e82af0fe83b048c1acc3833993') in 0.035546 seconds 
Number of asset objects unloaded after import = 10
========================================================================
Received Import Request.
  Time since last request: 0.000016 seconds.
  path: Assets/Buildings/Modular Village/Wood_Rope_Corner.obj
  artifactKey: Guid(7c176570fd06f774fa9723f7302c58e2) Importer(815301076,1909f56bfc062723c751e8b465ee728b)
Number of updated assets reloaded before import = 0
Start importing Assets/Buildings/Modular Village/Wood_Rope_Corner.obj using Guid(7c176570fd06f774fa9723f7302c58e2) Importer(815301076,1909f56bfc062723c751e8b465ee728b)  -> (artifact id: '3edf87f98ce1d2be0150233dd869dbe0') in 0.078721 seconds 
Number of asset objects unloaded after import = 26
========================================================================
Received Import Request.
  Time since last request: 0.000017 seconds.
  path: Assets/Buildings/Modular Village/Wood_Rope_Stairs.obj
  artifactKey: Guid(264d1d449f42b3040aa22a1acd296a44) Importer(815301076,1909f56bfc062723c751e8b465ee728b)
Number of updated assets reloaded before import = 0
Start importing Assets/Buildings/Modular Village/Wood_Rope_Stairs.obj using Guid(264d1d449f42b3040aa22a1acd296a44) Importer(815301076,1909f56bfc062723c751e8b465ee728b)  -> (artifact id: 'eada8132daaac89146e9853ea7bac973') in 0.069717 seconds 
Number of asset objects unloaded after import = 26
Editor requested this worker to shutdown with reason: Scaling down because of idle timeout
AssetImportWorker is now disconnected from the server
Process exiting
Exiting without the bug reporter. Application will terminate with return code 0